2025-05-08 15:23:06,176 - ResultsManager - INFO - Configuration logged: {'timestamp': 1746703386.1754124, 'sensitivity': 1.0, 'target_detection': {'confidence_threshold': 0.7, 'min_target_size': 20, 'max_target_distance': 1000}, 'aim_assistance': {'smoothing_factor': 0.5, 'prediction_time': 0.1, 'max_angle_correction': 45}, 'performance': {'fps_limit': 60, 'debug_mode': False}, 'controls': {'activation_key': 'alt', 'toggle_debug_key': 'd', 'exit_key': 'q'}, 'active_profile': 'default'}
2025-05-08 15:23:06,246 - ResultsManager - INFO - System event logged: {'timestamp': 1746703386.2431693, 'event_type': 'error', 'event_data': "name 'get_memory_usage' is not defined", 'system_state': {'last_target_pos': (0, 0), 'last_update_time': 0, 'last_target_time': 0}, 'error_code': None, 'error_message': "name 'get_memory_usage' is not defined"}
2025-05-08 15:23:06,248 - root - ERROR - Error in main loop: name 'get_memory_usage' is not defined
2025-05-08 15:23:06,278 - ResultsManager - INFO - System event logged: {'timestamp': 1746703386.277222, 'event_type': 'error', 'event_data': "name 'get_memory_usage' is not defined", 'system_state': {'last_target_pos': (0, 0), 'last_update_time': 0, 'last_target_time': 0}, 'error_code': None, 'error_message': "name 'get_memory_usage' is not defined"}
2025-05-08 15:23:06,278 - root - ERROR - Error in main loop: name 'get_memory_usage' is not defined
2025-05-08 15:23:06,309 - ResultsManager - INFO - System event logged: {'timestamp': 1746703386.3064404, 'event_type': 'error', 'event_data': "name 'get_memory_usage' is not defined", 'system_state': {'last_target_pos': (0, 0), 'last_update_time': 0, 'last_target_time': 0}, 'error_code': None, 'error_message': "name 'get_memory_usage' is not defined"}
2025-05-08 15:23:06,316 - root - ERROR - Error in main loop: name 'get_memory_usage' is not defined
2025-05-08 15:23:06,371 - ResultsManager - INFO - System event logged: {'timestamp': 1746703386.3635368, 'event_type': 'error', 'event_data': "name 'get_memory_usage' is not defined", 'system_state': {'last_target_pos': (0, 0), 'last_update_time': 0, 'last_target_time': 0}, 'error_code': None, 'error_message': "name 'get_memory_usage' is not defined"}
2025-05-08 15:23:06,374 - root - ERROR - Error in main loop: name 'get_memory_usage' is not defined
2025-05-08 15:23:06,399 - ResultsManager - INFO - System event logged: {'timestamp': 1746703386.3983717, 'event_type': 'error', 'event_data': "name 'get_memory_usage' is not defined", 'system_state': {'last_target_pos': (0, 0), 'last_update_time': 0, 'last_target_time': 0}, 'error_code': None, 'error_message': "name 'get_memory_usage' is not defined"}
2025-05-08 15:23:06,400 - root - ERROR - Error in main loop: name 'get_memory_usage' is not defined
2025-05-08 15:23:06,433 - ResultsManager - INFO - System event logged: {'timestamp': 1746703386.4261687, 'event_type': 'error', 'event_data': "name 'get_memory_usage' is not defined", 'system_state': {'last_target_pos': (0, 0), 'last_update_time': 0, 'last_target_time': 0}, 'error_code': None, 'error_message': "name 'get_memory_usage' is not defined"}
2025-05-08 15:23:06,434 - root - ERROR - Error in main loop: name 'get_memory_usage' is not defined
2025-05-08 15:23:06,468 - ResultsManager - INFO - System event logged: {'timestamp': 1746703386.4673405, 'event_type': 'error', 'event_data': "name 'get_memory_usage' is not defined", 'system_state': {'last_target_pos': (0, 0), 'last_update_time': 0, 'last_target_time': 0}, 'error_code': None, 'error_message': "name 'get_memory_usage' is not defined"}
2025-05-08 15:23:06,468 - root - ERROR - Error in main loop: name 'get_memory_usage' is not defined
2025-05-08 15:23:06,498 - ResultsManager - INFO - System event logged: {'timestamp': 1746703386.497605, 'event_type': 'error', 'event_data': "name 'get_memory_usage' is not defined", 'system_state': {'last_target_pos': (0, 0), 'last_update_time': 0, 'last_target_time': 0}, 'error_code': None, 'error_message': "name 'get_memory_usage' is not defined"}
2025-05-08 15:23:06,499 - root - ERROR - Error in main loop: name 'get_memory_usage' is not defined
2025-05-08 15:23:06,540 - ResultsManager - INFO - System event logged: {'timestamp': 1746703386.5389214, 'event_type': 'error', 'event_data': "name 'get_memory_usage' is not defined", 'system_state': {'last_target_pos': (0, 0), 'last_update_time': 0, 'last_target_time': 0}, 'error_code': None, 'error_message': "name 'get_memory_usage' is not defined"}
2025-05-08 15:23:06,540 - root - ERROR - Error in main loop: name 'get_memory_usage' is not defined
2025-05-08 15:23:06,561 - ResultsManager - INFO - System event logged: {'timestamp': 1746703386.5591455, 'event_type': 'error', 'event_data': "name 'get_memory_usage' is not defined", 'system_state': {'last_target_pos': (0, 0), 'last_update_time': 0, 'last_target_time': 0}, 'error_code': None, 'error_message': "name 'get_memory_usage' is not defined"}
2025-05-08 15:23:06,561 - root - ERROR - Error in main loop: name 'get_memory_usage' is not defined
2025-05-08 15:23:06,612 - ResultsManager - INFO - System event logged: {'timestamp': 1746703386.605867, 'event_type': 'error', 'event_data': "name 'get_memory_usage' is not defined", 'system_state': {'last_target_pos': (0, 0), 'last_update_time': 0, 'last_target_time': 0}, 'error_code': None, 'error_message': "name 'get_memory_usage' is not defined"}
2025-05-08 15:23:06,626 - root - ERROR - Error in main loop: name 'get_memory_usage' is not defined
2025-05-08 15:23:06,653 - ResultsManager - INFO - System event logged: {'timestamp': 1746703386.652962, 'event_type': 'error', 'event_data': "name 'get_memory_usage' is not defined", 'system_state': {'last_target_pos': (0, 0), 'last_update_time': 0, 'last_target_time': 0}, 'error_code': None, 'error_message': "name 'get_memory_usage' is not defined"}
2025-05-08 15:23:06,654 - root - ERROR - Error in main loop: name 'get_memory_usage' is not defined
2025-05-08 15:23:06,679 - ResultsManager - INFO - System event logged: {'timestamp': 1746703386.6789806, 'event_type': 'error', 'event_data': "name 'get_memory_usage' is not defined", 'system_state': {'last_target_pos': (0, 0), 'last_update_time': 0, 'last_target_time': 0}, 'error_code': None, 'error_message': "name 'get_memory_usage' is not defined"}
2025-05-08 15:23:06,680 - root - ERROR - Error in main loop: name 'get_memory_usage' is not defined
2025-05-08 15:23:06,718 - ResultsManager - INFO - System event logged: {'timestamp': 1746703386.7168503, 'event_type': 'error', 'event_data': "name 'get_memory_usage' is not defined", 'system_state': {'last_target_pos': (0, 0), 'last_update_time': 0, 'last_target_time': 0}, 'error_code': None, 'error_message': "name 'get_memory_usage' is not defined"}
2025-05-08 15:23:06,732 - root - ERROR - Error in main loop: name 'get_memory_usage' is not defined
2025-05-08 15:23:06,778 - ResultsManager - INFO - System event logged: {'timestamp': 1746703386.7774615, 'event_type': 'error', 'event_data': "name 'get_memory_usage' is not defined", 'system_state': {'last_target_pos': (0, 0), 'last_update_time': 0, 'last_target_time': 0}, 'error_code': None, 'error_message': "name 'get_memory_usage' is not defined"}
2025-05-08 15:23:06,778 - root - ERROR - Error in main loop: name 'get_memory_usage' is not defined
2025-05-08 15:23:06,836 - ResultsManager - INFO - System event logged: {'timestamp': 1746703386.8337326, 'event_type': 'error', 'event_data': "name 'get_memory_usage' is not defined", 'system_state': {'last_target_pos': (0, 0), 'last_update_time': 0, 'last_target_time': 0}, 'error_code': None, 'error_message': "name 'get_memory_usage' is not defined"}
2025-05-08 15:23:06,837 - root - ERROR - Error in main loop: name 'get_memory_usage' is not defined
2025-05-08 15:23:06,867 - ResultsManager - INFO - System event logged: {'timestamp': 1746703386.86633, 'event_type': 'error', 'event_data': "name 'get_memory_usage' is not defined", 'system_state': {'last_target_pos': (0, 0), 'last_update_time': 0, 'last_target_time': 0}, 'error_code': None, 'error_message': "name 'get_memory_usage' is not defined"}
2025-05-08 15:23:06,868 - root - ERROR - Error in main loop: name 'get_memory_usage' is not defined
2025-05-08 15:23:06,942 - ResultsManager - INFO - System event logged: {'timestamp': 1746703386.9087577, 'event_type': 'error', 'event_data': "name 'get_memory_usage' is not defined", 'system_state': {'last_target_pos': (0, 0), 'last_update_time': 0, 'last_target_time': 0}, 'error_code': None, 'error_message': "name 'get_memory_usage' is not defined"}
2025-05-08 15:23:06,946 - root - ERROR - Error in main loop: name 'get_memory_usage' is not defined
2025-05-08 15:23:06,975 - ResultsManager - INFO - System event logged: {'timestamp': 1746703386.974712, 'event_type': 'error', 'event_data': "name 'get_memory_usage' is not defined", 'system_state': {'last_target_pos': (0, 0), 'last_update_time': 0, 'last_target_time': 0}, 'error_code': None, 'error_message': "name 'get_memory_usage' is not defined"}
2025-05-08 15:23:06,976 - root - ERROR - Error in main loop: name 'get_memory_usage' is not defined
2025-05-08 15:23:07,026 - ResultsManager - INFO - System event logged: {'timestamp': 1746703387.012885, 'event_type': 'error', 'event_data': "name 'get_memory_usage' is not defined", 'system_state': {'last_target_pos': (0, 0), 'last_update_time': 0, 'last_target_time': 0}, 'error_code': None, 'error_message': "name 'get_memory_usage' is not defined"}
2025-05-08 15:23:07,039 - root - ERROR - Error in main loop: name 'get_memory_usage' is not defined
2025-05-08 15:23:07,068 - ResultsManager - INFO - System event logged: {'timestamp': 1746703387.0669434, 'event_type': 'error', 'event_data': "name 'get_memory_usage' is not defined", 'system_state': {'last_target_pos': (0, 0), 'last_update_time': 0, 'last_target_time': 0}, 'error_code': None, 'error_message': "name 'get_memory_usage' is not defined"}
2025-05-08 15:23:07,069 - root - ERROR - Error in main loop: name 'get_memory_usage' is not defined
2025-05-08 15:23:07,100 - ResultsManager - INFO - System event logged: {'timestamp': 1746703387.0986505, 'event_type': 'error', 'event_data': "name 'get_memory_usage' is not defined", 'system_state': {'last_target_pos': (0, 0), 'last_update_time': 0, 'last_target_time': 0}, 'error_code': None, 'error_message': "name 'get_memory_usage' is not defined"}
2025-05-08 15:23:07,107 - root - ERROR - Error in main loop: name 'get_memory_usage' is not defined
2025-05-08 15:23:07,134 - ResultsManager - INFO - System event logged: {'timestamp': 1746703387.134158, 'event_type': 'error', 'event_data': "name 'get_memory_usage' is not defined", 'system_state': {'last_target_pos': (0, 0), 'last_update_time': 0, 'last_target_time': 0}, 'error_code': None, 'error_message': "name 'get_memory_usage' is not defined"}
2025-05-08 15:23:07,137 - root - ERROR - Error in main loop: name 'get_memory_usage' is not defined
2025-05-08 15:23:07,178 - ResultsManager - INFO - System event logged: {'timestamp': 1746703387.177887, 'event_type': 'error', 'event_data': "name 'get_memory_usage' is not defined", 'system_state': {'last_target_pos': (0, 0), 'last_update_time': 0, 'last_target_time': 0}, 'error_code': None, 'error_message': "name 'get_memory_usage' is not defined"}
2025-05-08 15:23:07,186 - root - ERROR - Error in main loop: name 'get_memory_usage' is not defined
2025-05-08 15:23:07,227 - ResultsManager - INFO - System event logged: {'timestamp': 1746703387.2265587, 'event_type': 'error', 'event_data': "name 'get_memory_usage' is not defined", 'system_state': {'last_target_pos': (0, 0), 'last_update_time': 0, 'last_target_time': 0}, 'error_code': None, 'error_message': "name 'get_memory_usage' is not defined"}
2025-05-08 15:23:07,228 - root - ERROR - Error in main loop: name 'get_memory_usage' is not defined
2025-05-08 15:23:07,255 - ResultsManager - INFO - System event logged: {'timestamp': 1746703387.254399, 'event_type': 'error', 'event_data': "name 'get_memory_usage' is not defined", 'system_state': {'last_target_pos': (0, 0), 'last_update_time': 0, 'last_target_time': 0}, 'error_code': None, 'error_message': "name 'get_memory_usage' is not defined"}
2025-05-08 15:23:07,255 - root - ERROR - Error in main loop: name 'get_memory_usage' is not defined
2025-05-08 15:23:07,416 - ResultsManager - INFO - System event logged: {'timestamp': 1746703387.415491, 'event_type': 'error', 'event_data': "name 'get_memory_usage' is not defined", 'system_state': {'last_target_pos': (0, 0), 'last_update_time': 0, 'last_target_time': 0}, 'error_code': None, 'error_message': "name 'get_memory_usage' is not defined"}
2025-05-08 15:23:07,615 - root - ERROR - Error in main loop: name 'get_memory_usage' is not defined
2025-05-08 15:23:07,764 - ResultsManager - INFO - System event logged: {'timestamp': 1746703387.7627084, 'event_type': 'error', 'event_data': "name 'calculate_confidence' is not defined", 'system_state': {'last_target_pos': (0, 0), 'last_update_time': 0, 'last_target_time': 0}, 'error_code': None, 'error_message': "name 'calculate_confidence' is not defined"}
2025-05-08 15:23:07,764 - root - ERROR - Error in main loop: name 'calculate_confidence' is not defined
2025-05-08 15:23:07,872 - ResultsManager - INFO - System event logged: {'timestamp': 1746703387.8718717, 'event_type': 'error', 'event_data': "name 'calculate_confidence' is not defined", 'system_state': {'last_target_pos': (0, 0), 'last_update_time': 0, 'last_target_time': 0}, 'error_code': None, 'error_message': "name 'calculate_confidence' is not defined"}
2025-05-08 15:23:07,873 - root - ERROR - Error in main loop: name 'calculate_confidence' is not defined
2025-05-08 15:23:08,046 - ResultsManager - INFO - System event logged: {'timestamp': 1746703388.045879, 'event_type': 'error', 'event_data': "name 'calculate_confidence' is not defined", 'system_state': {'last_target_pos': (0, 0), 'last_update_time': 0, 'last_target_time': 0}, 'error_code': None, 'error_message': "name 'calculate_confidence' is not defined"}
2025-05-08 15:23:08,047 - root - ERROR - Error in main loop: name 'calculate_confidence' is not defined
2025-05-08 15:23:08,283 - ResultsManager - INFO - System event logged: {'timestamp': 1746703388.2808695, 'event_type': 'error', 'event_data': "name 'calculate_confidence' is not defined", 'system_state': {'last_target_pos': (0, 0), 'last_update_time': 0, 'last_target_time': 0}, 'error_code': None, 'error_message': "name 'calculate_confidence' is not defined"}
2025-05-08 15:23:08,284 - root - ERROR - Error in main loop: name 'calculate_confidence' is not defined
2025-05-08 15:23:08,459 - ResultsManager - INFO - System event logged: {'timestamp': 1746703388.45931, 'event_type': 'error', 'event_data': "name 'calculate_confidence' is not defined", 'system_state': {'last_target_pos': (0, 0), 'last_update_time': 0, 'last_target_time': 0}, 'error_code': None, 'error_message': "name 'calculate_confidence' is not defined"}
2025-05-08 15:23:08,462 - root - ERROR - Error in main loop: name 'calculate_confidence' is not defined
2025-05-08 15:23:08,594 - ResultsManager - INFO - System event logged: {'timestamp': 1746703388.593279, 'event_type': 'error', 'event_data': "name 'calculate_confidence' is not defined", 'system_state': {'last_target_pos': (0, 0), 'last_update_time': 0, 'last_target_time': 0}, 'error_code': None, 'error_message': "name 'calculate_confidence' is not defined"}
2025-05-08 15:23:08,604 - root - ERROR - Error in main loop: name 'calculate_confidence' is not defined
2025-05-08 15:23:08,749 - ResultsManager - INFO - System event logged: {'timestamp': 1746703388.7479973, 'event_type': 'error', 'event_data': "name 'calculate_confidence' is not defined", 'system_state': {'last_target_pos': (0, 0), 'last_update_time': 0, 'last_target_time': 0}, 'error_code': None, 'error_message': "name 'calculate_confidence' is not defined"}
2025-05-08 15:23:08,750 - root - ERROR - Error in main loop: name 'calculate_confidence' is not defined
2025-05-08 15:23:08,938 - ResultsManager - INFO - System event logged: {'timestamp': 1746703388.9376404, 'event_type': 'error', 'event_data': "name 'calculate_confidence' is not defined", 'system_state': {'last_target_pos': (0, 0), 'last_update_time': 0, 'last_target_time': 0}, 'error_code': None, 'error_message': "name 'calculate_confidence' is not defined"}
2025-05-08 15:23:08,939 - root - ERROR - Error in main loop: name 'calculate_confidence' is not defined
2025-05-08 15:23:09,151 - ResultsManager - INFO - System event logged: {'timestamp': 1746703389.1508195, 'event_type': 'error', 'event_data': "name 'calculate_confidence' is not defined", 'system_state': {'last_target_pos': (0, 0), 'last_update_time': 0, 'last_target_time': 0}, 'error_code': None, 'error_message': "name 'calculate_confidence' is not defined"}
2025-05-08 15:23:09,152 - root - ERROR - Error in main loop: name 'calculate_confidence' is not defined
2025-05-08 15:23:09,309 - ResultsManager - INFO - System event logged: {'timestamp': 1746703389.307712, 'event_type': 'error', 'event_data': "name 'calculate_confidence' is not defined", 'system_state': {'last_target_pos': (0, 0), 'last_update_time': 0, 'last_target_time': 0}, 'error_code': None, 'error_message': "name 'calculate_confidence' is not defined"}
2025-05-08 15:23:09,309 - root - ERROR - Error in main loop: name 'calculate_confidence' is not defined
2025-05-08 15:23:09,468 - ResultsManager - INFO - System event logged: {'timestamp': 1746703389.4673429, 'event_type': 'error', 'event_data': "name 'calculate_confidence' is not defined", 'system_state': {'last_target_pos': (0, 0), 'last_update_time': 0, 'last_target_time': 0}, 'error_code': None, 'error_message': "name 'calculate_confidence' is not defined"}
2025-05-08 15:23:09,468 - root - ERROR - Error in main loop: name 'calculate_confidence' is not defined
2025-05-08 15:23:09,648 - ResultsManager - INFO - System event logged: {'timestamp': 1746703389.6468852, 'event_type': 'error', 'event_data': "name 'calculate_confidence' is not defined", 'system_state': {'last_target_pos': (0, 0), 'last_update_time': 0, 'last_target_time': 0}, 'error_code': None, 'error_message': "name 'calculate_confidence' is not defined"}
2025-05-08 15:23:09,649 - root - ERROR - Error in main loop: name 'calculate_confidence' is not defined
2025-05-08 15:23:09,787 - ResultsManager - INFO - System event logged: {'timestamp': 1746703389.7862253, 'event_type': 'error', 'event_data': "name 'calculate_confidence' is not defined", 'system_state': {'last_target_pos': (0, 0), 'last_update_time': 0, 'last_target_time': 0}, 'error_code': None, 'error_message': "name 'calculate_confidence' is not defined"}
2025-05-08 15:23:09,787 - root - ERROR - Error in main loop: name 'calculate_confidence' is not defined
2025-05-08 15:23:10,435 - ResultsManager - INFO - System event logged: {'timestamp': 1746703389.9478717, 'event_type': 'error', 'event_data': "name 'calculate_confidence' is not defined", 'system_state': {'last_target_pos': (0, 0), 'last_update_time': 0, 'last_target_time': 0}, 'error_code': None, 'error_message': "name 'calculate_confidence' is not defined"}
2025-05-08 15:23:10,439 - root - ERROR - Error in main loop: name 'calculate_confidence' is not defined
2025-05-08 15:23:10,468 - ResultsManager - INFO - System event logged: {'timestamp': 1746703390.4674253, 'event_type': 'error', 'event_data': "name 'calculate_confidence' is not defined", 'system_state': {'last_target_pos': (0, 0), 'last_update_time': 0, 'last_target_time': 0}, 'error_code': None, 'error_message': "name 'calculate_confidence' is not defined"}
2025-05-08 15:23:10,468 - root - ERROR - Error in main loop: name 'calculate_confidence' is not defined
2025-05-08 15:23:10,643 - ResultsManager - INFO - System event logged: {'timestamp': 1746703390.6427374, 'event_type': 'error', 'event_data': "name 'calculate_confidence' is not defined", 'system_state': {'last_target_pos': (0, 0), 'last_update_time': 0, 'last_target_time': 0}, 'error_code': None, 'error_message': "name 'calculate_confidence' is not defined"}
2025-05-08 15:23:10,645 - root - ERROR - Error in main loop: name 'calculate_confidence' is not defined
2025-05-08 15:23:10,789 - ResultsManager - INFO - System event logged: {'timestamp': 1746703390.78831, 'event_type': 'error', 'event_data': "name 'calculate_confidence' is not defined", 'system_state': {'last_target_pos': (0, 0), 'last_update_time': 0, 'last_target_time': 0}, 'error_code': None, 'error_message': "name 'calculate_confidence' is not defined"}
2025-05-08 15:23:10,790 - root - ERROR - Error in main loop: name 'calculate_confidence' is not defined
2025-05-08 15:23:11,036 - ResultsManager - INFO - System event logged: {'timestamp': 1746703390.9496713, 'event_type': 'error', 'event_data': "name 'calculate_confidence' is not defined", 'system_state': {'last_target_pos': (0, 0), 'last_update_time': 0, 'last_target_time': 0}, 'error_code': None, 'error_message': "name 'calculate_confidence' is not defined"}
2025-05-08 15:23:11,036 - root - ERROR - Error in main loop: name 'calculate_confidence' is not defined
2025-05-08 15:23:11,113 - ResultsManager - INFO - System event logged: {'timestamp': 1746703391.1097708, 'event_type': 'error', 'event_data': "name 'calculate_confidence' is not defined", 'system_state': {'last_target_pos': (0, 0), 'last_update_time': 0, 'last_target_time': 0}, 'error_code': None, 'error_message': "name 'calculate_confidence' is not defined"}
2025-05-08 15:23:11,114 - root - ERROR - Error in main loop: name 'calculate_confidence' is not defined
2025-05-08 15:23:11,268 - ResultsManager - INFO - System event logged: {'timestamp': 1746703391.2677712, 'event_type': 'error', 'event_data': "name 'calculate_confidence' is not defined", 'system_state': {'last_target_pos': (0, 0), 'last_update_time': 0, 'last_target_time': 0}, 'error_code': None, 'error_message': "name 'calculate_confidence' is not defined"}
2025-05-08 15:23:11,269 - root - ERROR - Error in main loop: name 'calculate_confidence' is not defined
2025-05-08 15:23:11,428 - ResultsManager - INFO - System event logged: {'timestamp': 1746703391.4281697, 'event_type': 'error', 'event_data': "name 'calculate_confidence' is not defined", 'system_state': {'last_target_pos': (0, 0), 'last_update_time': 0, 'last_target_time': 0}, 'error_code': None, 'error_message': "name 'calculate_confidence' is not defined"}
2025-05-08 15:23:11,429 - root - ERROR - Error in main loop: name 'calculate_confidence' is not defined
2025-05-08 15:23:11,595 - ResultsManager - INFO - System event logged: {'timestamp': 1746703391.5900671, 'event_type': 'error', 'event_data': "name 'calculate_confidence' is not defined", 'system_state': {'last_target_pos': (0, 0), 'last_update_time': 0, 'last_target_time': 0}, 'error_code': None, 'error_message': "name 'calculate_confidence' is not defined"}
2025-05-08 15:23:11,595 - root - ERROR - Error in main loop: name 'calculate_confidence' is not defined
2025-05-08 15:23:11,749 - ResultsManager - INFO - System event logged: {'timestamp': 1746703391.7485747, 'event_type': 'error', 'event_data': "name 'calculate_confidence' is not defined", 'system_state': {'last_target_pos': (0, 0), 'last_update_time': 0, 'last_target_time': 0}, 'error_code': None, 'error_message': "name 'calculate_confidence' is not defined"}
2025-05-08 15:23:11,750 - root - ERROR - Error in main loop: name 'calculate_confidence' is not defined
2025-05-08 15:23:11,938 - ResultsManager - INFO - System event logged: {'timestamp': 1746703391.9375522, 'event_type': 'error', 'event_data': "name 'calculate_confidence' is not defined", 'system_state': {'last_target_pos': (0, 0), 'last_update_time': 0, 'last_target_time': 0}, 'error_code': None, 'error_message': "name 'calculate_confidence' is not defined"}
2025-05-08 15:23:11,951 - root - ERROR - Error in main loop: name 'calculate_confidence' is not defined
2025-05-08 15:23:12,095 - ResultsManager - INFO - System event logged: {'timestamp': 1746703392.0951962, 'event_type': 'error', 'event_data': "name 'calculate_confidence' is not defined", 'system_state': {'last_target_pos': (0, 0), 'last_update_time': 0, 'last_target_time': 0}, 'error_code': None, 'error_message': "name 'calculate_confidence' is not defined"}
2025-05-08 15:23:12,096 - root - ERROR - Error in main loop: name 'calculate_confidence' is not defined
2025-05-08 15:23:12,242 - ResultsManager - INFO - System event logged: {'timestamp': 1746703392.2415338, 'event_type': 'error', 'event_data': "name 'calculate_confidence' is not defined", 'system_state': {'last_target_pos': (0, 0), 'last_update_time': 0, 'last_target_time': 0}, 'error_code': None, 'error_message': "name 'calculate_confidence' is not defined"}
2025-05-08 15:23:12,243 - root - ERROR - Error in main loop: name 'calculate_confidence' is not defined
2025-05-08 15:23:12,398 - ResultsManager - INFO - System event logged: {'timestamp': 1746703392.397287, 'event_type': 'error', 'event_data': "name 'calculate_confidence' is not defined", 'system_state': {'last_target_pos': (0, 0), 'last_update_time': 0, 'last_target_time': 0}, 'error_code': None, 'error_message': "name 'calculate_confidence' is not defined"}
2025-05-08 15:23:12,398 - root - ERROR - Error in main loop: name 'calculate_confidence' is not defined
2025-05-08 15:23:12,565 - ResultsManager - INFO - System event logged: {'timestamp': 1746703392.5624707, 'event_type': 'error', 'event_data': "name 'calculate_confidence' is not defined", 'system_state': {'last_target_pos': (0, 0), 'last_update_time': 0, 'last_target_time': 0}, 'error_code': None, 'error_message': "name 'calculate_confidence' is not defined"}
2025-05-08 15:23:12,566 - root - ERROR - Error in main loop: name 'calculate_confidence' is not defined
2025-05-08 15:23:12,724 - ResultsManager - INFO - System event logged: {'timestamp': 1746703392.7235274, 'event_type': 'error', 'event_data': "name 'calculate_confidence' is not defined", 'system_state': {'last_target_pos': (0, 0), 'last_update_time': 0, 'last_target_time': 0}, 'error_code': None, 'error_message': "name 'calculate_confidence' is not defined"}
2025-05-08 15:23:12,725 - root - ERROR - Error in main loop: name 'calculate_confidence' is not defined
2025-05-08 15:23:12,883 - ResultsManager - INFO - System event logged: {'timestamp': 1746703392.8832245, 'event_type': 'error', 'event_data': "name 'calculate_confidence' is not defined", 'system_state': {'last_target_pos': (0, 0), 'last_update_time': 0, 'last_target_time': 0}, 'error_code': None, 'error_message': "name 'calculate_confidence' is not defined"}
2025-05-08 15:23:12,884 - root - ERROR - Error in main loop: name 'calculate_confidence' is not defined
2025-05-08 15:23:13,047 - ResultsManager - INFO - System event logged: {'timestamp': 1746703393.0471153, 'event_type': 'error', 'event_data': "name 'calculate_confidence' is not defined", 'system_state': {'last_target_pos': (0, 0), 'last_update_time': 0, 'last_target_time': 0}, 'error_code': None, 'error_message': "name 'calculate_confidence' is not defined"}
2025-05-08 15:23:13,048 - root - ERROR - Error in main loop: name 'calculate_confidence' is not defined
2025-05-08 15:23:13,204 - ResultsManager - INFO - System event logged: {'timestamp': 1746703393.2026806, 'event_type': 'error', 'event_data': "name 'calculate_confidence' is not defined", 'system_state': {'last_target_pos': (0, 0), 'last_update_time': 0, 'last_target_time': 0}, 'error_code': None, 'error_message': "name 'calculate_confidence' is not defined"}
2025-05-08 15:23:13,204 - root - ERROR - Error in main loop: name 'calculate_confidence' is not defined
2025-05-08 15:23:13,364 - ResultsManager - INFO - System event logged: {'timestamp': 1746703393.363315, 'event_type': 'error', 'event_data': "name 'calculate_confidence' is not defined", 'system_state': {'last_target_pos': (0, 0), 'last_update_time': 0, 'last_target_time': 0}, 'error_code': None, 'error_message': "name 'calculate_confidence' is not defined"}
2025-05-08 15:23:13,364 - root - ERROR - Error in main loop: name 'calculate_confidence' is not defined
2025-05-08 15:23:13,540 - ResultsManager - INFO - System event logged: {'timestamp': 1746703393.5396247, 'event_type': 'error', 'event_data': "name 'calculate_confidence' is not defined", 'system_state': {'last_target_pos': (0, 0), 'last_update_time': 0, 'last_target_time': 0}, 'error_code': None, 'error_message': "name 'calculate_confidence' is not defined"}
2025-05-08 15:23:13,542 - root - ERROR - Error in main loop: name 'calculate_confidence' is not defined
2025-05-08 15:23:13,710 - ResultsManager - INFO - System event logged: {'timestamp': 1746703393.7099907, 'event_type': 'error', 'event_data': "name 'calculate_confidence' is not defined", 'system_state': {'last_target_pos': (0, 0), 'last_update_time': 0, 'last_target_time': 0}, 'error_code': None, 'error_message': "name 'calculate_confidence' is not defined"}
2025-05-08 15:23:13,711 - root - ERROR - Error in main loop: name 'calculate_confidence' is not defined
2025-05-08 15:23:13,858 - ResultsManager - INFO - System event logged: {'timestamp': 1746703393.8573508, 'event_type': 'error', 'event_data': "name 'calculate_confidence' is not defined", 'system_state': {'last_target_pos': (0, 0), 'last_update_time': 0, 'last_target_time': 0}, 'error_code': None, 'error_message': "name 'calculate_confidence' is not defined"}
2025-05-08 15:23:13,859 - root - ERROR - Error in main loop: name 'calculate_confidence' is not defined
2025-05-08 15:23:14,015 - ResultsManager - INFO - System event logged: {'timestamp': 1746703394.014841, 'event_type': 'error', 'event_data': "name 'calculate_confidence' is not defined", 'system_state': {'last_target_pos': (0, 0), 'last_update_time': 0, 'last_target_time': 0}, 'error_code': None, 'error_message': "name 'calculate_confidence' is not defined"}
2025-05-08 15:23:14,016 - root - ERROR - Error in main loop: name 'calculate_confidence' is not defined
2025-05-08 15:23:14,177 - ResultsManager - INFO - System event logged: {'timestamp': 1746703394.1769989, 'event_type': 'error', 'event_data': "name 'calculate_confidence' is not defined", 'system_state': {'last_target_pos': (0, 0), 'last_update_time': 0, 'last_target_time': 0}, 'error_code': None, 'error_message': "name 'calculate_confidence' is not defined"}
2025-05-08 15:23:14,178 - root - ERROR - Error in main loop: name 'calculate_confidence' is not defined
2025-05-08 15:23:14,341 - ResultsManager - INFO - System event logged: {'timestamp': 1746703394.340597, 'event_type': 'error', 'event_data': "name 'calculate_confidence' is not defined", 'system_state': {'last_target_pos': (0, 0), 'last_update_time': 0, 'last_target_time': 0}, 'error_code': None, 'error_message': "name 'calculate_confidence' is not defined"}
2025-05-08 15:23:14,342 - root - ERROR - Error in main loop: name 'calculate_confidence' is not defined
2025-05-08 15:23:14,497 - ResultsManager - INFO - System event logged: {'timestamp': 1746703394.4972122, 'event_type': 'error', 'event_data': "name 'calculate_confidence' is not defined", 'system_state': {'last_target_pos': (0, 0), 'last_update_time': 0, 'last_target_time': 0}, 'error_code': None, 'error_message': "name 'calculate_confidence' is not defined"}
2025-05-08 15:23:14,498 - root - ERROR - Error in main loop: name 'calculate_confidence' is not defined
2025-05-08 15:23:14,657 - ResultsManager - INFO - System event logged: {'timestamp': 1746703394.6566896, 'event_type': 'error', 'event_data': "name 'calculate_confidence' is not defined", 'system_state': {'last_target_pos': (0, 0), 'last_update_time': 0, 'last_target_time': 0}, 'error_code': None, 'error_message': "name 'calculate_confidence' is not defined"}
2025-05-08 15:23:14,660 - root - ERROR - Error in main loop: name 'calculate_confidence' is not defined
2025-05-08 15:23:14,816 - ResultsManager - INFO - System event logged: {'timestamp': 1746703394.8161268, 'event_type': 'error', 'event_data': "name 'calculate_confidence' is not defined", 'system_state': {'last_target_pos': (0, 0), 'last_update_time': 0, 'last_target_time': 0}, 'error_code': None, 'error_message': "name 'calculate_confidence' is not defined"}
2025-05-08 15:23:14,817 - root - ERROR - Error in main loop: name 'calculate_confidence' is not defined
2025-05-08 15:23:14,981 - ResultsManager - INFO - System event logged: {'timestamp': 1746703394.9788938, 'event_type': 'error', 'event_data': "name 'calculate_confidence' is not defined", 'system_state': {'last_target_pos': (0, 0), 'last_update_time': 0, 'last_target_time': 0}, 'error_code': None, 'error_message': "name 'calculate_confidence' is not defined"}
2025-05-08 15:23:14,981 - root - ERROR - Error in main loop: name 'calculate_confidence' is not defined
2025-05-08 15:23:15,141 - ResultsManager - INFO - System event logged: {'timestamp': 1746703395.1379626, 'event_type': 'error', 'event_data': "name 'calculate_confidence' is not defined", 'system_state': {'last_target_pos': (0, 0), 'last_update_time': 0, 'last_target_time': 0}, 'error_code': None, 'error_message': "name 'calculate_confidence' is not defined"}
2025-05-08 15:23:15,142 - root - ERROR - Error in main loop: name 'calculate_confidence' is not defined
2025-05-08 15:23:15,297 - ResultsManager - INFO - System event logged: {'timestamp': 1746703395.2967815, 'event_type': 'error', 'event_data': "name 'calculate_confidence' is not defined", 'system_state': {'last_target_pos': (0, 0), 'last_update_time': 0, 'last_target_time': 0}, 'error_code': None, 'error_message': "name 'calculate_confidence' is not defined"}
2025-05-08 15:23:15,298 - root - ERROR - Error in main loop: name 'calculate_confidence' is not defined
2025-05-08 15:23:15,474 - ResultsManager - INFO - System event logged: {'timestamp': 1746703395.4734156, 'event_type': 'error', 'event_data': "name 'calculate_confidence' is not defined", 'system_state': {'last_target_pos': (0, 0), 'last_update_time': 0, 'last_target_time': 0}, 'error_code': None, 'error_message': "name 'calculate_confidence' is not defined"}
2025-05-08 15:23:15,474 - root - ERROR - Error in main loop: name 'calculate_confidence' is not defined
2025-05-08 15:23:15,633 - ResultsManager - INFO - System event logged: {'timestamp': 1746703395.6329126, 'event_type': 'error', 'event_data': "name 'calculate_confidence' is not defined", 'system_state': {'last_target_pos': (0, 0), 'last_update_time': 0, 'last_target_time': 0}, 'error_code': None, 'error_message': "name 'calculate_confidence' is not defined"}
2025-05-08 15:23:15,634 - root - ERROR - Error in main loop: name 'calculate_confidence' is not defined
2025-05-08 15:23:15,791 - ResultsManager - INFO - System event logged: {'timestamp': 1746703395.790924, 'event_type': 'error', 'event_data': "name 'calculate_confidence' is not defined", 'system_state': {'last_target_pos': (0, 0), 'last_update_time': 0, 'last_target_time': 0}, 'error_code': None, 'error_message': "name 'calculate_confidence' is not defined"}
2025-05-08 15:23:15,792 - root - ERROR - Error in main loop: name 'calculate_confidence' is not defined
2025-05-08 15:23:15,952 - ResultsManager - INFO - System event logged: {'timestamp': 1746703395.9513578, 'event_type': 'error', 'event_data': "name 'get_memory_usage' is not defined", 'system_state': {'last_target_pos': (0, 0), 'last_update_time': 0, 'last_target_time': 0}, 'error_code': None, 'error_message': "name 'get_memory_usage' is not defined"}
2025-05-08 15:23:15,953 - root - ERROR - Error in main loop: name 'get_memory_usage' is not defined
2025-05-08 15:23:15,976 - ResultsManager - INFO - System event logged: {'timestamp': 1746703395.9762053, 'event_type': 'error', 'event_data': "name 'get_memory_usage' is not defined", 'system_state': {'last_target_pos': (0, 0), 'last_update_time': 0, 'last_target_time': 0}, 'error_code': None, 'error_message': "name 'get_memory_usage' is not defined"}
2025-05-08 15:23:15,977 - root - ERROR - Error in main loop: name 'get_memory_usage' is not defined
2025-05-08 15:23:16,008 - ResultsManager - INFO - System event logged: {'timestamp': 1746703396.0081666, 'event_type': 'error', 'event_data': "name 'get_memory_usage' is not defined", 'system_state': {'last_target_pos': (0, 0), 'last_update_time': 0, 'last_target_time': 0}, 'error_code': None, 'error_message': "name 'get_memory_usage' is not defined"}
2025-05-08 15:23:16,009 - root - ERROR - Error in main loop: name 'get_memory_usage' is not defined
2025-05-08 15:23:16,034 - ResultsManager - INFO - System event logged: {'timestamp': 1746703396.031264, 'event_type': 'error', 'event_data': "name 'get_memory_usage' is not defined", 'system_state': {'last_target_pos': (0, 0), 'last_update_time': 0, 'last_target_time': 0}, 'error_code': None, 'error_message': "name 'get_memory_usage' is not defined"}
2025-05-08 15:23:16,035 - root - ERROR - Error in main loop: name 'get_memory_usage' is not defined
2025-05-08 15:23:16,058 - ResultsManager - INFO - System event logged: {'timestamp': 1746703396.0581057, 'event_type': 'error', 'event_data': "name 'get_memory_usage' is not defined", 'system_state': {'last_target_pos': (0, 0), 'last_update_time': 0, 'last_target_time': 0}, 'error_code': None, 'error_message': "name 'get_memory_usage' is not defined"}
2025-05-08 15:23:16,059 - root - ERROR - Error in main loop: name 'get_memory_usage' is not defined
2025-05-08 15:23:16,084 - ResultsManager - INFO - System event logged: {'timestamp': 1746703396.0842037, 'event_type': 'error', 'event_data': "name 'get_memory_usage' is not defined", 'system_state': {'last_target_pos': (0, 0), 'last_update_time': 0, 'last_target_time': 0}, 'error_code': None, 'error_message': "name 'get_memory_usage' is not defined"}
2025-05-08 15:23:16,085 - root - ERROR - Error in main loop: name 'get_memory_usage' is not defined
2025-05-08 15:23:16,110 - ResultsManager - INFO - System event logged: {'timestamp': 1746703396.1100307, 'event_type': 'error', 'event_data': "name 'get_memory_usage' is not defined", 'system_state': {'last_target_pos': (0, 0), 'last_update_time': 0, 'last_target_time': 0}, 'error_code': None, 'error_message': "name 'get_memory_usage' is not defined"}
2025-05-08 15:23:16,111 - root - ERROR - Error in main loop: name 'get_memory_usage' is not defined
2025-05-08 15:23:16,138 - ResultsManager - INFO - System event logged: {'timestamp': 1746703396.1371398, 'event_type': 'error', 'event_data': "name 'get_memory_usage' is not defined", 'system_state': {'last_target_pos': (0, 0), 'last_update_time': 0, 'last_target_time': 0}, 'error_code': None, 'error_message': "name 'get_memory_usage' is not defined"}
2025-05-08 15:23:16,139 - root - ERROR - Error in main loop: name 'get_memory_usage' is not defined
2025-05-08 15:23:16,164 - ResultsManager - INFO - System event logged: {'timestamp': 1746703396.1633523, 'event_type': 'error', 'event_data': "name 'calculate_confidence' is not defined", 'system_state': {'last_target_pos': (0, 0), 'last_update_time': 0, 'last_target_time': 0}, 'error_code': None, 'error_message': "name 'calculate_confidence' is not defined"}
2025-05-08 15:23:16,164 - root - ERROR - Error in main loop: name 'calculate_confidence' is not defined
2025-05-08 15:23:16,190 - ResultsManager - INFO - System event logged: {'timestamp': 1746703396.1900897, 'event_type': 'error', 'event_data': "name 'calculate_confidence' is not defined", 'system_state': {'last_target_pos': (0, 0), 'last_update_time': 0, 'last_target_time': 0}, 'error_code': None, 'error_message': "name 'calculate_confidence' is not defined"}
2025-05-08 15:23:16,191 - root - ERROR - Error in main loop: name 'calculate_confidence' is not defined
2025-05-08 15:23:16,216 - ResultsManager - INFO - System event logged: {'timestamp': 1746703396.2161257, 'event_type': 'error', 'event_data': "name 'calculate_confidence' is not defined", 'system_state': {'last_target_pos': (0, 0), 'last_update_time': 0, 'last_target_time': 0}, 'error_code': None, 'error_message': "name 'calculate_confidence' is not defined"}
2025-05-08 15:23:16,217 - root - ERROR - Error in main loop: name 'calculate_confidence' is not defined
2025-05-08 15:23:16,253 - ResultsManager - INFO - System event logged: {'timestamp': 1746703396.2515452, 'event_type': 'error', 'event_data': "name 'calculate_confidence' is not defined", 'system_state': {'last_target_pos': (0, 0), 'last_update_time': 0, 'last_target_time': 0}, 'error_code': None, 'error_message': "name 'calculate_confidence' is not defined"}
2025-05-08 15:23:16,254 - root - ERROR - Error in main loop: name 'calculate_confidence' is not defined
2025-05-08 15:23:16,283 - ResultsManager - INFO - System event logged: {'timestamp': 1746703396.2831314, 'event_type': 'error', 'event_data': "name 'calculate_confidence' is not defined", 'system_state': {'last_target_pos': (0, 0), 'last_update_time': 0, 'last_target_time': 0}, 'error_code': None, 'error_message': "name 'calculate_confidence' is not defined"}
2025-05-08 15:23:16,284 - root - ERROR - Error in main loop: name 'calculate_confidence' is not defined
2025-05-08 15:23:16,309 - ResultsManager - INFO - System event logged: {'timestamp': 1746703396.3090603, 'event_type': 'error', 'event_data': "name 'calculate_confidence' is not defined", 'system_state': {'last_target_pos': (0, 0), 'last_update_time': 0, 'last_target_time': 0}, 'error_code': None, 'error_message': "name 'calculate_confidence' is not defined"}
2025-05-08 15:23:16,310 - root - ERROR - Error in main loop: name 'calculate_confidence' is not defined
2025-05-08 15:23:16,336 - ResultsManager - INFO - System event logged: {'timestamp': 1746703396.3358016, 'event_type': 'error', 'event_data': "name 'calculate_confidence' is not defined", 'system_state': {'last_target_pos': (0, 0), 'last_update_time': 0, 'last_target_time': 0}, 'error_code': None, 'error_message': "name 'calculate_confidence' is not defined"}
2025-05-08 15:23:16,337 - root - ERROR - Error in main loop: name 'calculate_confidence' is not defined
2025-05-08 15:23:16,364 - ResultsManager - INFO - System event logged: {'timestamp': 1746703396.3639953, 'event_type': 'error', 'event_data': "name 'calculate_confidence' is not defined", 'system_state': {'last_target_pos': (0, 0), 'last_update_time': 0, 'last_target_time': 0}, 'error_code': None, 'error_message': "name 'calculate_confidence' is not defined"}
2025-05-08 15:23:16,366 - root - ERROR - Error in main loop: name 'calculate_confidence' is not defined
2025-05-08 15:23:16,391 - ResultsManager - INFO - System event logged: {'timestamp': 1746703396.39087, 'event_type': 'error', 'event_data': "name 'calculate_confidence' is not defined", 'system_state': {'last_target_pos': (0, 0), 'last_update_time': 0, 'last_target_time': 0}, 'error_code': None, 'error_message': "name 'calculate_confidence' is not defined"}
2025-05-08 15:23:16,392 - root - ERROR - Error in main loop: name 'calculate_confidence' is not defined
2025-05-08 15:23:16,417 - ResultsManager - INFO - System event logged: {'timestamp': 1746703396.416504, 'event_type': 'error', 'event_data': "name 'calculate_confidence' is not defined", 'system_state': {'last_target_pos': (0, 0), 'last_update_time': 0, 'last_target_time': 0}, 'error_code': None, 'error_message': "name 'calculate_confidence' is not defined"}
2025-05-08 15:23:16,418 - root - ERROR - Error in main loop: name 'calculate_confidence' is not defined
2025-05-08 15:23:16,439 - ResultsManager - INFO - System event logged: {'timestamp': 1746703396.4386878, 'event_type': 'error', 'event_data': "name 'calculate_confidence' is not defined", 'system_state': {'last_target_pos': (0, 0), 'last_update_time': 0, 'last_target_time': 0}, 'error_code': None, 'error_message': "name 'calculate_confidence' is not defined"}
2025-05-08 15:23:16,440 - root - ERROR - Error in main loop: name 'calculate_confidence' is not defined
2025-05-08 15:23:16,472 - ResultsManager - INFO - System event logged: {'timestamp': 1746703396.470826, 'event_type': 'error', 'event_data': "name 'calculate_confidence' is not defined", 'system_state': {'last_target_pos': (0, 0), 'last_update_time': 0, 'last_target_time': 0}, 'error_code': None, 'error_message': "name 'calculate_confidence' is not defined"}
2025-05-08 15:23:16,476 - root - ERROR - Error in main loop: name 'calculate_confidence' is not defined
2025-05-08 15:23:16,515 - ResultsManager - INFO - System event logged: {'timestamp': 1746703396.5149913, 'event_type': 'error', 'event_data': "name 'calculate_confidence' is not defined", 'system_state': {'last_target_pos': (0, 0), 'last_update_time': 0, 'last_target_time': 0}, 'error_code': None, 'error_message': "name 'calculate_confidence' is not defined"}
2025-05-08 15:23:16,518 - root - ERROR - Error in main loop: name 'calculate_confidence' is not defined
2025-05-08 15:23:16,546 - ResultsManager - INFO - System event logged: {'timestamp': 1746703396.5456603, 'event_type': 'error', 'event_data': "name 'calculate_confidence' is not defined", 'system_state': {'last_target_pos': (0, 0), 'last_update_time': 0, 'last_target_time': 0}, 'error_code': None, 'error_message': "name 'calculate_confidence' is not defined"}
2025-05-08 15:23:16,547 - root - ERROR - Error in main loop: name 'calculate_confidence' is not defined
2025-05-08 15:23:16,578 - ResultsManager - INFO - System event logged: {'timestamp': 1746703396.5763073, 'event_type': 'error', 'event_data': "name 'calculate_confidence' is not defined", 'system_state': {'last_target_pos': (0, 0), 'last_update_time': 0, 'last_target_time': 0}, 'error_code': None, 'error_message': "name 'calculate_confidence' is not defined"}
2025-05-08 15:23:16,579 - root - ERROR - Error in main loop: name 'calculate_confidence' is not defined
2025-05-08 15:23:16,602 - ResultsManager - INFO - System event logged: {'timestamp': 1746703396.602027, 'event_type': 'error', 'event_data': "name 'calculate_confidence' is not defined", 'system_state': {'last_target_pos': (0, 0), 'last_update_time': 0, 'last_target_time': 0}, 'error_code': None, 'error_message': "name 'calculate_confidence' is not defined"}
2025-05-08 15:23:16,603 - root - ERROR - Error in main loop: name 'calculate_confidence' is not defined
2025-05-08 15:23:16,629 - ResultsManager - INFO - System event logged: {'timestamp': 1746703396.6286771, 'event_type': 'error', 'event_data': "name 'calculate_confidence' is not defined", 'system_state': {'last_target_pos': (0, 0), 'last_update_time': 0, 'last_target_time': 0}, 'error_code': None, 'error_message': "name 'calculate_confidence' is not defined"}
2025-05-08 15:23:16,630 - root - ERROR - Error in main loop: name 'calculate_confidence' is not defined
2025-05-08 15:23:16,655 - ResultsManager - INFO - System event logged: {'timestamp': 1746703396.6539698, 'event_type': 'error', 'event_data': "name 'calculate_confidence' is not defined", 'system_state': {'last_target_pos': (0, 0), 'last_update_time': 0, 'last_target_time': 0}, 'error_code': None, 'error_message': "name 'calculate_confidence' is not defined"}
2025-05-08 15:23:16,655 - root - ERROR - Error in main loop: name 'calculate_confidence' is not defined
2025-05-08 15:23:16,683 - ResultsManager - INFO - System event logged: {'timestamp': 1746703396.6826265, 'event_type': 'error', 'event_data': "name 'calculate_confidence' is not defined", 'system_state': {'last_target_pos': (0, 0), 'last_update_time': 0, 'last_target_time': 0}, 'error_code': None, 'error_message': "name 'calculate_confidence' is not defined"}
2025-05-08 15:23:16,683 - root - ERROR - Error in main loop: name 'calculate_confidence' is not defined
2025-05-08 15:23:16,710 - ResultsManager - INFO - System event logged: {'timestamp': 1746703396.709075, 'event_type': 'error', 'event_data': "name 'calculate_confidence' is not defined", 'system_state': {'last_target_pos': (0, 0), 'last_update_time': 0, 'last_target_time': 0}, 'error_code': None, 'error_message': "name 'calculate_confidence' is not defined"}
2025-05-08 15:23:16,711 - root - ERROR - Error in main loop: name 'calculate_confidence' is not defined
2025-05-08 15:23:16,733 - ResultsManager - INFO - System event logged: {'timestamp': 1746703396.7330947, 'event_type': 'error', 'event_data': "name 'calculate_confidence' is not defined", 'system_state': {'last_target_pos': (0, 0), 'last_update_time': 0, 'last_target_time': 0}, 'error_code': None, 'error_message': "name 'calculate_confidence' is not defined"}
2025-05-08 15:23:16,735 - root - ERROR - Error in main loop: name 'calculate_confidence' is not defined
2025-05-08 15:23:16,763 - ResultsManager - INFO - System event logged: {'timestamp': 1746703396.7630599, 'event_type': 'error', 'event_data': "name 'calculate_confidence' is not defined", 'system_state': {'last_target_pos': (0, 0), 'last_update_time': 0, 'last_target_time': 0}, 'error_code': None, 'error_message': "name 'calculate_confidence' is not defined"}
2025-05-08 15:23:16,765 - root - ERROR - Error in main loop: name 'calculate_confidence' is not defined
2025-05-08 15:23:16,789 - ResultsManager - INFO - System event logged: {'timestamp': 1746703396.7850294, 'event_type': 'error', 'event_data': "name 'calculate_confidence' is not defined", 'system_state': {'last_target_pos': (0, 0), 'last_update_time': 0, 'last_target_time': 0}, 'error_code': None, 'error_message': "name 'calculate_confidence' is not defined"}
2025-05-08 15:23:16,794 - root - ERROR - Error in main loop: name 'calculate_confidence' is not defined
2025-05-08 15:23:16,829 - ResultsManager - INFO - System event logged: {'timestamp': 1746703396.828207, 'event_type': 'error', 'event_data': "name 'calculate_confidence' is not defined", 'system_state': {'last_target_pos': (0, 0), 'last_update_time': 0, 'last_target_time': 0}, 'error_code': None, 'error_message': "name 'calculate_confidence' is not defined"}
2025-05-08 15:23:16,830 - root - ERROR - Error in main loop: name 'calculate_confidence' is not defined
2025-05-08 15:23:16,876 - ResultsManager - INFO - System event logged: {'timestamp': 1746703396.8761635, 'event_type': 'error', 'event_data': "name 'calculate_confidence' is not defined", 'system_state': {'last_target_pos': (0, 0), 'last_update_time': 0, 'last_target_time': 0}, 'error_code': None, 'error_message': "name 'calculate_confidence' is not defined"}
2025-05-08 15:23:16,878 - root - ERROR - Error in main loop: name 'calculate_confidence' is not defined
2025-05-08 15:23:16,900 - ResultsManager - INFO - System event logged: {'timestamp': 1746703396.8995798, 'event_type': 'error', 'event_data': "name 'calculate_confidence' is not defined", 'system_state': {'last_target_pos': (0, 0), 'last_update_time': 0, 'last_target_time': 0}, 'error_code': None, 'error_message': "name 'calculate_confidence' is not defined"}
2025-05-08 15:23:16,901 - root - ERROR - Error in main loop: name 'calculate_confidence' is not defined
2025-05-08 15:23:16,927 - ResultsManager - INFO - System event logged: {'timestamp': 1746703396.9265096, 'event_type': 'error', 'event_data': "name 'calculate_confidence' is not defined", 'system_state': {'last_target_pos': (0, 0), 'last_update_time': 0, 'last_target_time': 0}, 'error_code': None, 'error_message': "name 'calculate_confidence' is not defined"}
2025-05-08 15:23:16,928 - root - ERROR - Error in main loop: name 'calculate_confidence' is not defined
2025-05-08 15:23:16,974 - ResultsManager - INFO - System event logged: {'timestamp': 1746703396.969509, 'event_type': 'error', 'event_data': "name 'calculate_confidence' is not defined", 'system_state': {'last_target_pos': (0, 0), 'last_update_time': 0, 'last_target_time': 0}, 'error_code': None, 'error_message': "name 'calculate_confidence' is not defined"}
2025-05-08 15:23:16,976 - root - ERROR - Error in main loop: name 'calculate_confidence' is not defined
2025-05-08 15:23:17,013 - ResultsManager - INFO - System event logged: {'timestamp': 1746703397.012296, 'event_type': 'error', 'event_data': "name 'get_memory_usage' is not defined", 'system_state': {'last_target_pos': (0, 0), 'last_update_time': 0, 'last_target_time': 0}, 'error_code': None, 'error_message': "name 'get_memory_usage' is not defined"}
2025-05-08 15:23:17,014 - root - ERROR - Error in main loop: name 'get_memory_usage' is not defined
2025-05-08 15:23:17,086 - ResultsManager - INFO - System event logged: {'timestamp': 1746703397.0857441, 'event_type': 'error', 'event_data': "name 'get_memory_usage' is not defined", 'system_state': {'last_target_pos': (0, 0), 'last_update_time': 0, 'last_target_time': 0}, 'error_code': None, 'error_message': "name 'get_memory_usage' is not defined"}
2025-05-08 15:23:17,089 - root - ERROR - Error in main loop: name 'get_memory_usage' is not defined
2025-05-08 15:23:17,113 - ResultsManager - INFO - System event logged: {'timestamp': 1746703397.1120894, 'event_type': 'error', 'event_data': "name 'get_memory_usage' is not defined", 'system_state': {'last_target_pos': (0, 0), 'last_update_time': 0, 'last_target_time': 0}, 'error_code': None, 'error_message': "name 'get_memory_usage' is not defined"}
2025-05-08 15:23:17,113 - root - ERROR - Error in main loop: name 'get_memory_usage' is not defined
2025-05-08 15:23:17,143 - ResultsManager - INFO - System event logged: {'timestamp': 1746703397.1398785, 'event_type': 'error', 'event_data': "name 'get_memory_usage' is not defined", 'system_state': {'last_target_pos': (0, 0), 'last_update_time': 0, 'last_target_time': 0}, 'error_code': None, 'error_message': "name 'get_memory_usage' is not defined"}
2025-05-08 15:23:17,144 - root - ERROR - Error in main loop: name 'get_memory_usage' is not defined
2025-05-08 15:23:17,166 - ResultsManager - INFO - System event logged: {'timestamp': 1746703397.165765, 'event_type': 'error', 'event_data': "name 'get_memory_usage' is not defined", 'system_state': {'last_target_pos': (0, 0), 'last_update_time': 0, 'last_target_time': 0}, 'error_code': None, 'error_message': "name 'get_memory_usage' is not defined"}
2025-05-08 15:23:17,167 - root - ERROR - Error in main loop: name 'get_memory_usage' is not defined
2025-05-08 15:23:17,191 - ResultsManager - INFO - System event logged: {'timestamp': 1746703397.190599, 'event_type': 'error', 'event_data': "name 'get_memory_usage' is not defined", 'system_state': {'last_target_pos': (0, 0), 'last_update_time': 0, 'last_target_time': 0}, 'error_code': None, 'error_message': "name 'get_memory_usage' is not defined"}
2025-05-08 15:23:17,192 - root - ERROR - Error in main loop: name 'get_memory_usage' is not defined
2025-05-08 15:23:17,217 - ResultsManager - INFO - System event logged: {'timestamp': 1746703397.2171435, 'event_type': 'error', 'event_data': "name 'get_memory_usage' is not defined", 'system_state': {'last_target_pos': (0, 0), 'last_update_time': 0, 'last_target_time': 0}, 'error_code': None, 'error_message': "name 'get_memory_usage' is not defined"}
2025-05-08 15:23:17,218 - root - ERROR - Error in main loop: name 'get_memory_usage' is not defined
2025-05-08 15:23:17,247 - ResultsManager - INFO - System event logged: {'timestamp': 1746703397.2462316, 'event_type': 'error', 'event_data': "name 'get_memory_usage' is not defined", 'system_state': {'last_target_pos': (0, 0), 'last_update_time': 0, 'last_target_time': 0}, 'error_code': None, 'error_message': "name 'get_memory_usage' is not defined"}
2025-05-08 15:23:17,248 - root - ERROR - Error in main loop: name 'get_memory_usage' is not defined
2025-05-08 15:23:17,276 - ResultsManager - INFO - System event logged: {'timestamp': 1746703397.275407, 'event_type': 'error', 'event_data': "name 'get_memory_usage' is not defined", 'system_state': {'last_target_pos': (0, 0), 'last_update_time': 0, 'last_target_time': 0}, 'error_code': None, 'error_message': "name 'get_memory_usage' is not defined"}
2025-05-08 15:23:17,277 - root - ERROR - Error in main loop: name 'get_memory_usage' is not defined
2025-05-08 15:23:17,299 - ResultsManager - INFO - System event logged: {'timestamp': 1746703397.2985196, 'event_type': 'error', 'event_data': "name 'get_memory_usage' is not defined", 'system_state': {'last_target_pos': (0, 0), 'last_update_time': 0, 'last_target_time': 0}, 'error_code': None, 'error_message': "name 'get_memory_usage' is not defined"}
2025-05-08 15:23:17,300 - root - ERROR - Error in main loop: name 'get_memory_usage' is not defined
2025-05-08 15:23:17,327 - ResultsManager - INFO - System event logged: {'timestamp': 1746703397.3262053, 'event_type': 'error', 'event_data': "name 'get_memory_usage' is not defined", 'system_state': {'last_target_pos': (0, 0), 'last_update_time': 0, 'last_target_time': 0}, 'error_code': None, 'error_message': "name 'get_memory_usage' is not defined"}
2025-05-08 15:23:17,328 - root - ERROR - Error in main loop: name 'get_memory_usage' is not defined
2025-05-08 15:23:17,352 - ResultsManager - INFO - System event logged: {'timestamp': 1746703397.3508928, 'event_type': 'error', 'event_data': "name 'get_memory_usage' is not defined", 'system_state': {'last_target_pos': (0, 0), 'last_update_time': 0, 'last_target_time': 0}, 'error_code': None, 'error_message': "name 'get_memory_usage' is not defined"}
2025-05-08 15:23:17,352 - root - ERROR - Error in main loop: name 'get_memory_usage' is not defined
2025-05-08 15:23:17,379 - ResultsManager - INFO - System event logged: {'timestamp': 1746703397.3789637, 'event_type': 'error', 'event_data': "name 'get_memory_usage' is not defined", 'system_state': {'last_target_pos': (0, 0), 'last_update_time': 0, 'last_target_time': 0}, 'error_code': None, 'error_message': "name 'get_memory_usage' is not defined"}
2025-05-08 15:23:17,380 - root - ERROR - Error in main loop: name 'get_memory_usage' is not defined
2025-05-08 15:23:17,405 - ResultsManager - INFO - System event logged: {'timestamp': 1746703397.4037137, 'event_type': 'error', 'event_data': "name 'get_memory_usage' is not defined", 'system_state': {'last_target_pos': (0, 0), 'last_update_time': 0, 'last_target_time': 0}, 'error_code': None, 'error_message': "name 'get_memory_usage' is not defined"}
2025-05-08 15:23:17,405 - root - ERROR - Error in main loop: name 'get_memory_usage' is not defined
2025-05-08 15:23:17,429 - ResultsManager - INFO - System event logged: {'timestamp': 1746703397.4291492, 'event_type': 'error', 'event_data': "name 'get_memory_usage' is not defined", 'system_state': {'last_target_pos': (0, 0), 'last_update_time': 0, 'last_target_time': 0}, 'error_code': None, 'error_message': "name 'get_memory_usage' is not defined"}
2025-05-08 15:23:17,431 - root - ERROR - Error in main loop: name 'get_memory_usage' is not defined
2025-05-08 15:23:17,456 - ResultsManager - INFO - System event logged: {'timestamp': 1746703397.4558444, 'event_type': 'error', 'event_data': "name 'get_memory_usage' is not defined", 'system_state': {'last_target_pos': (0, 0), 'last_update_time': 0, 'last_target_time': 0}, 'error_code': None, 'error_message': "name 'get_memory_usage' is not defined"}
2025-05-08 15:23:17,457 - root - ERROR - Error in main loop: name 'get_memory_usage' is not defined
2025-05-08 15:23:17,491 - ResultsManager - INFO - System event logged: {'timestamp': 1746703397.4907758, 'event_type': 'error', 'event_data': "name 'get_memory_usage' is not defined", 'system_state': {'last_target_pos': (0, 0), 'last_update_time': 0, 'last_target_time': 0}, 'error_code': None, 'error_message': "name 'get_memory_usage' is not defined"}
2025-05-08 15:23:17,504 - root - ERROR - Error in main loop: name 'get_memory_usage' is not defined
2025-05-08 15:23:17,541 - ResultsManager - INFO - System event logged: {'timestamp': 1746703397.5409377, 'event_type': 'error', 'event_data': "name 'get_memory_usage' is not defined", 'system_state': {'last_target_pos': (0, 0), 'last_update_time': 0, 'last_target_time': 0}, 'error_code': None, 'error_message': "name 'get_memory_usage' is not defined"}
2025-05-08 15:23:17,548 - root - ERROR - Error in main loop: name 'get_memory_usage' is not defined
2025-05-08 15:23:17,580 - ResultsManager - INFO - System event logged: {'timestamp': 1746703397.578819, 'event_type': 'error', 'event_data': "name 'get_memory_usage' is not defined", 'system_state': {'last_target_pos': (0, 0), 'last_update_time': 0, 'last_target_time': 0}, 'error_code': None, 'error_message': "name 'get_memory_usage' is not defined"}
2025-05-08 15:23:17,581 - root - ERROR - Error in main loop: name 'get_memory_usage' is not defined
